2019/09/07 16:48:32 [error] [system.db.CDbCommand] CDbCommand::fetchColumn() failed: SQLSTATE[23000]: Integrity constraint violation: 1052 Column 'flag_del' in where clause is ambiguous. The SQL statement executed was: SELECT COUNT(*) FROM `vendor_contract` `VendorContract` LEFT JOIN project ON project.id=VendorContract.proj_id LEFT JOIN vendor ON vendor.v_id=VendorContract.vendor_id WHERE flag_del=:ycp0.
in C:\xampp\htdocs\pea_jk\protected\extensions\bootstrap\widgets\TbGridView.php (49)
in C:\xampp\htdocs\pea_jk\protected\views\project\index.php (316)
in C:\xampp\htdocs\pea_jk\protected\controllers\ProjectController.php (565)
2019/09/07 16:48:32 [error] [exception.CDbException] exception 'CDbException' with message 'CDbCommand ล้มเหลวในการดำเนินการเรียกลักษณะของ SQL: SQLSTATE[23000]: Integrity constraint violation: 1052 Column 'flag_del' in where clause is ambiguous. The SQL statement executed was: SELECT COUNT(*) FROM `vendor_contract` `VendorContract` LEFT JOIN project ON project.id=VendorContract.proj_id LEFT JOIN vendor ON vendor.v_id=VendorContract.vendor_id WHERE flag_del=:ycp0' in C:\xampp\htdocs\pea_jk\framework\db\CDbCommand.php:543
Stack trace:
#0 C:\xampp\htdocs\pea_jk\framework\db\CDbCommand.php(433): CDbCommand->queryInternal('fetchColumn', 0, Array)
#1 C:\xampp\htdocs\pea_jk\framework\db\ar\CActiveRecord.php(1601): CDbCommand->queryScalar()
#2 C:\xampp\htdocs\pea_jk\framework\web\CActiveDataProvider.php(228): CActiveRecord->count(Object(CDbCriteria))
#3 C:\xampp\htdocs\pea_jk\framework\web\CDataProvider.php(224): CActiveDataProvider->calculateTotalItemCount()
#4 C:\xampp\htdocs\pea_jk\framework\web\CActiveDataProvider.php(178): CDataProvider->getTotalItemCount()
#5 C:\xampp\htdocs\pea_jk\framework\web\CDataProvider.php(168): CActiveDataProvider->fetchData()
#6 C:\xampp\htdocs\pea_jk\framework\zii\widgets\CBaseListView.php(111): CDataProvider->getData()
#7 C:\xampp\htdocs\pea_jk\framework\zii\widgets\grid\CGridView.php(339): CBaseListView->init()
#8 C:\xampp\htdocs\pea_jk\protected\extensions\bootstrap\widgets\TbGridView.php(49): CGridView->init()
#9 C:\xampp\htdocs\pea_jk\framework\web\CBaseController.php(147): TbGridView->init()
#10 C:\xampp\htdocs\pea_jk\framework\web\CBaseController.php(172): CBaseController->createWidget('ext.groupgridvi...', Array)
#11 C:\xampp\htdocs\pea_jk\protected\views\project\index.php(316): CBaseController->widget('ext.groupgridvi...', Array)
#12 C:\xampp\htdocs\pea_jk\framework\web\CBaseController.php(126): require('C:\\xampp\\htdocs...')
#13 C:\xampp\htdocs\pea_jk\framework\web\CBaseController.php(95): CBaseController->renderInternal('C:\\xampp\\htdocs...', Array, true)
#14 C:\xampp\htdocs\pea_jk\framework\web\CController.php(869): CBaseController->renderFile('C:\\xampp\\htdocs...', Array, true)
#15 C:\xampp\htdocs\pea_jk\framework\web\CController.php(782): CController->renderPartial('index', Array, true)
#16 C:\xampp\htdocs\pea_jk\protected\controllers\ProjectController.php(565): CController->render('index', Array)
#17 C:\xampp\htdocs\pea_jk\framework\web\actions\CInlineAction.php(49): ProjectController->actionIndex()
#18 C:\xampp\htdocs\pea_jk\framework\web\CController.php(308): CInlineAction->runWithParams(Array)
#19 C:\xampp\htdocs\pea_jk\framework\web\filters\CFilterChain.php(133): CController->runAction(Object(CInlineAction))
#20 C:\xampp\htdocs\pea_jk\framework\web\filters\CFilter.php(40): CFilterChain->run()
#21 C:\xampp\htdocs\pea_jk\framework\web\CController.php(1145): CFilter->filter(Object(CFilterChain))
#22 C:\xampp\htdocs\pea_jk\framework\web\filters\CInlineFilter.php(58): CController->filterAccessControl(Object(CFilterChain))
#23 C:\xampp\htdocs\pea_jk\framework\web\filters\CFilterChain.php(130): CInlineFilter->filter(Object(CFilterChain))
#24 C:\xampp\htdocs\pea_jk\framework\web\CController.php(291): CFilterChain->run()
#25 C:\xampp\htdocs\pea_jk\framework\web\CController.php(265): CController->runActionWithFilters(Object(CInlineAction), Array)
#26 C:\xampp\htdocs\pea_jk\framework\web\CWebApplication.php(282): CController->run('index')
#27 C:\xampp\htdocs\pea_jk\framework\web\CWebApplication.php(141): CWebApplication->runController('project/index')
#28 C:\xampp\htdocs\pea_jk\framework\base\CApplication.php(180): CWebApplication->processRequest()
#29 C:\xampp\htdocs\pea_jk\index.php(13): CApplication->run()
#30 {main}
REQUEST_URI=/pea_jk/project/index
HTTP_REFERER=http://localhost/pea_jk/site/login
---
2019/09/07 18:50:54 [error] [exception.CHttpException.403] exception 'CHttpException' with message 'คุณไม่ได้รับอนุญาตให้ดำเนินการดังกล่าว' in C:\xampp\htdocs\pea_jk\framework\web\auth\CAccessControlFilter.php:182
Stack trace:
#0 C:\xampp\htdocs\pea_jk\framework\web\auth\CAccessControlFilter.php(145): CAccessControlFilter->accessDenied(Object(WebUser), '\xE0\xB8\x84\xE0\xB8\xB8\xE0\xB8\x93\xE0\xB9\x84\xE0\xB8\xA1...')
#1 C:\xampp\htdocs\pea_jk\framework\web\filters\CFilter.php(38): CAccessControlFilter->preFilter(Object(CFilterChain))
#2 C:\xampp\htdocs\pea_jk\framework\web\CController.php(1145): CFilter->filter(Object(CFilterChain))
#3 C:\xampp\htdocs\pea_jk\framework\web\filters\CInlineFilter.php(58): CController->filterAccessControl(Object(CFilterChain))
#4 C:\xampp\htdocs\pea_jk\framework\web\filters\CFilterChain.php(130): CInlineFilter->filter(Object(CFilterChain))
#5 C:\xampp\htdocs\pea_jk\framework\web\CController.php(291): CFilterChain->run()
#6 C:\xampp\htdocs\pea_jk\framework\web\CController.php(265): CController->runActionWithFilters(Object(CInlineAction), Array)
#7 C:\xampp\htdocs\pea_jk\framework\web\CWebApplication.php(282): CController->run('delete')
#8 C:\xampp\htdocs\pea_jk\framework\web\CWebApplication.php(141): CWebApplication->runController('fine/delete')
#9 C:\xampp\htdocs\pea_jk\framework\base\CApplication.php(180): CWebApplication->processRequest()
#10 C:\xampp\htdocs\pea_jk\index.php(13): CApplication->run()
#11 {main}
REQUEST_URI=/pea_jk/fine/delete/7?ajax=fine-grid-2
HTTP_REFERER=http://localhost/pea_jk/project/updateVendorContract/18
---
2019/09/07 18:51:07 [error] [exception.CHttpException.403] exception 'CHttpException' with message 'คุณไม่ได้รับอนุญาตให้ดำเนินการดังกล่าว' in C:\xampp\htdocs\pea_jk\framework\web\auth\CAccessControlFilter.php:182
Stack trace:
#0 C:\xampp\htdocs\pea_jk\framework\web\auth\CAccessControlFilter.php(145): CAccessControlFilter->accessDenied(Object(WebUser), '\xE0\xB8\x84\xE0\xB8\xB8\xE0\xB8\x93\xE0\xB9\x84\xE0\xB8\xA1...')
#1 C:\xampp\htdocs\pea_jk\framework\web\filters\CFilter.php(38): CAccessControlFilter->preFilter(Object(CFilterChain))
#2 C:\xampp\htdocs\pea_jk\framework\web\CController.php(1145): CFilter->filter(Object(CFilterChain))
#3 C:\xampp\htdocs\pea_jk\framework\web\filters\CInlineFilter.php(58): CController->filterAccessControl(Object(CFilterChain))
#4 C:\xampp\htdocs\pea_jk\framework\web\filters\CFilterChain.php(130): CInlineFilter->filter(Object(CFilterChain))
#5 C:\xampp\htdocs\pea_jk\framework\web\CController.php(291): CFilterChain->run()
#6 C:\xampp\htdocs\pea_jk\framework\web\CController.php(265): CController->runActionWithFilters(Object(CInlineAction), Array)
#7 C:\xampp\htdocs\pea_jk\framework\web\CWebApplication.php(282): CController->run('delete')
#8 C:\xampp\htdocs\pea_jk\framework\web\CWebApplication.php(141): CWebApplication->runController('fine/delete')
#9 C:\xampp\htdocs\pea_jk\framework\base\CApplication.php(180): CWebApplication->processRequest()
#10 C:\xampp\htdocs\pea_jk\index.php(13): CApplication->run()
#11 {main}
REQUEST_URI=/pea_jk/fine/delete/6?ajax=fine-grid-2
HTTP_REFERER=http://localhost/pea_jk/project/updateVendorContract/18
---
2019/09/08 22:12:33 [error] [system.db.CDbCommand] CDbCommand::fetchAll() failed: SQLSTATE[42S22]: Column not found: 1054 Unknown column 'form_type' in 'field list'. The SQL statement executed was: SELECT `form_type`
FROM `payment`
WHERE vc_id='3' AND pay_no =1.
in C:\xampp\htdocs\pea_jk\protected\views\project\_formValidate.php (88)
in C:\xampp\htdocs\pea_jk\protected\controllers\ProjectController.php (627)
in C:\xampp\htdocs\pea_jk\index.php (13)
2019/09/08 22:12:33 [error] [exception.CDbException] exception 'CDbException' with message 'CDbCommand ล้มเหลวในการดำเนินการเรียกลักษณะของ SQL: SQLSTATE[42S22]: Column not found: 1054 Unknown column 'form_type' in 'field list'. The SQL statement executed was: SELECT `form_type`
FROM `payment`
WHERE vc_id='3' AND pay_no =1' in C:\xampp\htdocs\pea_jk\framework\db\CDbCommand.php:543
Stack trace:
#0 C:\xampp\htdocs\pea_jk\framework\db\CDbCommand.php(396): CDbCommand->queryInternal('fetchAll', Array, Array)
#1 C:\xampp\htdocs\pea_jk\protected\views\project\_formValidate.php(88): CDbCommand->queryAll()
#2 C:\xampp\htdocs\pea_jk\framework\web\CBaseController.php(126): require('C:\\xampp\\htdocs...')
#3 C:\xampp\htdocs\pea_jk\framework\web\CBaseController.php(95): CBaseController->renderInternal('C:\\xampp\\htdocs...', Array, true)
#4 C:\xampp\htdocs\pea_jk\framework\web\CController.php(869): CBaseController->renderFile('C:\\xampp\\htdocs...', Array, true)
#5 C:\xampp\htdocs\pea_jk\protected\controllers\ProjectController.php(627): CController->renderPartial('_formValidate', Array)
#6 C:\xampp\htdocs\pea_jk\framework\web\actions\CInlineAction.php(49): ProjectController->actionImportBOQ()
#7 C:\xampp\htdocs\pea_jk\framework\web\CController.php(308): CInlineAction->runWithParams(Array)
#8 C:\xampp\htdocs\pea_jk\framework\web\filters\CFilterChain.php(133): CController->runAction(Object(CInlineAction))
#9 C:\xampp\htdocs\pea_jk\framework\web\filters\CFilter.php(40): CFilterChain->run()
#10 C:\xampp\htdocs\pea_jk\framework\web\CController.php(1145): CFilter->filter(Object(CFilterChain))
#11 C:\xampp\htdocs\pea_jk\framework\web\filters\CInlineFilter.php(58): CController->filterAccessControl(Object(CFilterChain))
#12 C:\xampp\htdocs\pea_jk\framework\web\filters\CFilterChain.php(130): CInlineFilter->filter(Object(CFilterChain))
#13 C:\xampp\htdocs\pea_jk\framework\web\CController.php(291): CFilterChain->run()
#14 C:\xampp\htdocs\pea_jk\framework\web\CController.php(265): CController->runActionWithFilters(Object(CInlineAction), Array)
#15 C:\xampp\htdocs\pea_jk\framework\web\CWebApplication.php(282): CController->run('importBOQ')
#16 C:\xampp\htdocs\pea_jk\framework\web\CWebApplication.php(141): CWebApplication->runController('project/importB...')
#17 C:\xampp\htdocs\pea_jk\framework\base\CApplication.php(180): CWebApplication->processRequest()
#18 C:\xampp\htdocs\pea_jk\index.php(13): CApplication->run()
#19 {main}
REQUEST_URI=/pea_jk/project/importBOQ
HTTP_REFERER=http://localhost/pea_jk/project/updateVendorContract/3
---
2019/09/08 22:14:22 [error] [system.db.CDbCommand] CDbCommand::fetchAll() failed: SQLSTATE[42S22]: Column not found: 1054 Unknown column 'form_type' in 'field list'. The SQL statement executed was: SELECT `form_type`
FROM `payment`
WHERE vc_id='3' AND pay_no =1.
in C:\xampp\htdocs\pea_jk\protected\views\project\_formValidate.php (88)
in C:\xampp\htdocs\pea_jk\protected\controllers\ProjectController.php (627)
in C:\xampp\htdocs\pea_jk\index.php (13)
2019/09/08 22:14:22 [error] [exception.CDbException] exception 'CDbException' with message 'CDbCommand ล้มเหลวในการดำเนินการเรียกลักษณะของ SQL: SQLSTATE[42S22]: Column not found: 1054 Unknown column 'form_type' in 'field list'. The SQL statement executed was: SELECT `form_type`
FROM `payment`
WHERE vc_id='3' AND pay_no =1' in C:\xampp\htdocs\pea_jk\framework\db\CDbCommand.php:543
Stack trace:
#0 C:\xampp\htdocs\pea_jk\framework\db\CDbCommand.php(396): CDbCommand->queryInternal('fetchAll', Array, Array)
#1 C:\xampp\htdocs\pea_jk\protected\views\project\_formValidate.php(88): CDbCommand->queryAll()
#2 C:\xampp\htdocs\pea_jk\framework\web\CBaseController.php(126): require('C:\\xampp\\htdocs...')
#3 C:\xampp\htdocs\pea_jk\framework\web\CBaseController.php(95): CBaseController->renderInternal('C:\\xampp\\htdocs...', Array, true)
#4 C:\xampp\htdocs\pea_jk\framework\web\CController.php(869): CBaseController->renderFile('C:\\xampp\\htdocs...', Array, true)
#5 C:\xampp\htdocs\pea_jk\protected\controllers\ProjectController.php(627): CController->renderPartial('_formValidate', Array)
#6 C:\xampp\htdocs\pea_jk\framework\web\actions\CInlineAction.php(49): ProjectController->actionImportBOQ()
#7 C:\xampp\htdocs\pea_jk\framework\web\CController.php(308): CInlineAction->runWithParams(Array)
#8 C:\xampp\htdocs\pea_jk\framework\web\filters\CFilterChain.php(133): CController->runAction(Object(CInlineAction))
#9 C:\xampp\htdocs\pea_jk\framework\web\filters\CFilter.php(40): CFilterChain->run()
#10 C:\xampp\htdocs\pea_jk\framework\web\CController.php(1145): CFilter->filter(Object(CFilterChain))
#11 C:\xampp\htdocs\pea_jk\framework\web\filters\CInlineFilter.php(58): CController->filterAccessControl(Object(CFilterChain))
#12 C:\xampp\htdocs\pea_jk\framework\web\filters\CFilterChain.php(130): CInlineFilter->filter(Object(CFilterChain))
#13 C:\xampp\htdocs\pea_jk\framework\web\CController.php(291): CFilterChain->run()
#14 C:\xampp\htdocs\pea_jk\framework\web\CController.php(265): CController->runActionWithFilters(Object(CInlineAction), Array)
#15 C:\xampp\htdocs\pea_jk\framework\web\CWebApplication.php(282): CController->run('importBOQ')
#16 C:\xampp\htdocs\pea_jk\framework\web\CWebApplication.php(141): CWebApplication->runController('project/importB...')
#17 C:\xampp\htdocs\pea_jk\framework\base\CApplication.php(180): CWebApplication->processRequest()
#18 C:\xampp\htdocs\pea_jk\index.php(13): CApplication->run()
#19 {main}
REQUEST_URI=/pea_jk/project/importBOQ
HTTP_REFERER=http://localhost/pea_jk/project/updateVendorContract/3
---
2019/09/08 22:19:31 [error] [system.db.CDbCommand] CDbCommand::fetchAll() failed: SQLSTATE[42S22]: Column not found: 1054 Unknown column 'form_type' in 'field list'. The SQL statement executed was: SELECT `form_type`
FROM `payment`
WHERE vc_id='3' AND pay_no =1.
in C:\xampp\htdocs\pea_jk\protected\views\project\_formValidate.php (88)
in C:\xampp\htdocs\pea_jk\protected\controllers\ProjectController.php (627)
in C:\xampp\htdocs\pea_jk\index.php (13)
2019/09/08 22:19:31 [error] [exception.CDbException] exception 'CDbException' with message 'CDbCommand ล้มเหลวในการดำเนินการเรียกลักษณะของ SQL: SQLSTATE[42S22]: Column not found: 1054 Unknown column 'form_type' in 'field list'. The SQL statement executed was: SELECT `form_type`
FROM `payment`
WHERE vc_id='3' AND pay_no =1' in C:\xampp\htdocs\pea_jk\framework\db\CDbCommand.php:543
Stack trace:
#0 C:\xampp\htdocs\pea_jk\framework\db\CDbCommand.php(396): CDbCommand->queryInternal('fetchAll', Array, Array)
#1 C:\xampp\htdocs\pea_jk\protected\views\project\_formValidate.php(88): CDbCommand->queryAll()
#2 C:\xampp\htdocs\pea_jk\framework\web\CBaseController.php(126): require('C:\\xampp\\htdocs...')
#3 C:\xampp\htdocs\pea_jk\framework\web\CBaseController.php(95): CBaseController->renderInternal('C:\\xampp\\htdocs...', Array, true)
#4 C:\xampp\htdocs\pea_jk\framework\web\CController.php(869): CBaseController->renderFile('C:\\xampp\\htdocs...', Array, true)
#5 C:\xampp\htdocs\pea_jk\protected\controllers\ProjectController.php(627): CController->renderPartial('_formValidate', Array)
#6 C:\xampp\htdocs\pea_jk\framework\web\actions\CInlineAction.php(49): ProjectController->actionImportBOQ()
#7 C:\xampp\htdocs\pea_jk\framework\web\CController.php(308): CInlineAction->runWithParams(Array)
#8 C:\xampp\htdocs\pea_jk\framework\web\filters\CFilterChain.php(133): CController->runAction(Object(CInlineAction))
#9 C:\xampp\htdocs\pea_jk\framework\web\filters\CFilter.php(40): CFilterChain->run()
#10 C:\xampp\htdocs\pea_jk\framework\web\CController.php(1145): CFilter->filter(Object(CFilterChain))
#11 C:\xampp\htdocs\pea_jk\framework\web\filters\CInlineFilter.php(58): CController->filterAccessControl(Object(CFilterChain))
#12 C:\xampp\htdocs\pea_jk\framework\web\filters\CFilterChain.php(130): CInlineFilter->filter(Object(CFilterChain))
#13 C:\xampp\htdocs\pea_jk\framework\web\CController.php(291): CFilterChain->run()
#14 C:\xampp\htdocs\pea_jk\framework\web\CController.php(265): CController->runActionWithFilters(Object(CInlineAction), Array)
#15 C:\xampp\htdocs\pea_jk\framework\web\CWebApplication.php(282): CController->run('importBOQ')
#16 C:\xampp\htdocs\pea_jk\framework\web\CWebApplication.php(141): CWebApplication->runController('project/importB...')
#17 C:\xampp\htdocs\pea_jk\framework\base\CApplication.php(180): CWebApplication->processRequest()
#18 C:\xampp\htdocs\pea_jk\index.php(13): CApplication->run()
#19 {main}
REQUEST_URI=/pea_jk/project/importBOQ
HTTP_REFERER=http://localhost/pea_jk/project/updateVendorContract/3
---
2019/09/08 22:24:46 [error] [php] Trying to get property of non-object (C:\xampp\htdocs\pea_jk\protected\views\project\_formValidate.php:91)
Stack trace:
#0 C:\xampp\htdocs\pea_jk\framework\web\CController.php(869): ProjectController->renderFile()
#1 C:\xampp\htdocs\pea_jk\protected\controllers\ProjectController.php(627): ProjectController->renderPartial()
#2 C:\xampp\htdocs\pea_jk\framework\web\actions\CInlineAction.php(49): ProjectController->actionImportBOQ()
#3 C:\xampp\htdocs\pea_jk\framework\web\CController.php(308): CInlineAction->runWithParams()
#4 C:\xampp\htdocs\pea_jk\framework\web\filters\CFilterChain.php(133): ProjectController->runAction()
#5 C:\xampp\htdocs\pea_jk\framework\web\filters\CFilter.php(40): CFilterChain->run()
#6 C:\xampp\htdocs\pea_jk\framework\web\CController.php(1145): CAccessControlFilter->filter()
#7 C:\xampp\htdocs\pea_jk\framework\web\filters\CInlineFilter.php(58): ProjectController->filterAccessControl()
#8 C:\xampp\htdocs\pea_jk\framework\web\filters\CFilterChain.php(130): CInlineFilter->filter()
#9 C:\xampp\htdocs\pea_jk\framework\web\CController.php(291): CFilterChain->run()
#10 C:\xampp\htdocs\pea_jk\framework\web\CController.php(265): ProjectController->runActionWithFilters()
#11 C:\xampp\htdocs\pea_jk\framework\web\CWebApplication.php(282): ProjectController->run()
#12 C:\xampp\htdocs\pea_jk\framework\web\CWebApplication.php(141): CWebApplication->runController()
#13 C:\xampp\htdocs\pea_jk\framework\base\CApplication.php(180): CWebApplication->processRequest()
#14 C:\xampp\htdocs\pea_jk\index.php(13): CWebApplication->run()
REQUEST_URI=/pea_jk/project/importBOQ
in C:\xampp\htdocs\pea_jk\protected\views\project\_formValidate.php (91)
in C:\xampp\htdocs\pea_jk\protected\controllers\ProjectController.php (627)
in C:\xampp\htdocs\pea_jk\index.php (13)
2019/09/08 22:25:52 [error] [php] Undefined variable: class (C:\xampp\htdocs\pea_jk\protected\views\project\_formValidate.php:99)
Stack trace:
#0 C:\xampp\htdocs\pea_jk\framework\web\CController.php(869): ProjectController->renderFile()
#1 C:\xampp\htdocs\pea_jk\protected\controllers\ProjectController.php(627): ProjectController->renderPartial()
#2 C:\xampp\htdocs\pea_jk\framework\web\actions\CInlineAction.php(49): ProjectController->actionImportBOQ()
#3 C:\xampp\htdocs\pea_jk\framework\web\CController.php(308): CInlineAction->runWithParams()
#4 C:\xampp\htdocs\pea_jk\framework\web\filters\CFilterChain.php(133): ProjectController->runAction()
#5 C:\xampp\htdocs\pea_jk\framework\web\filters\CFilter.php(40): CFilterChain->run()
#6 C:\xampp\htdocs\pea_jk\framework\web\CController.php(1145): CAccessControlFilter->filter()
#7 C:\xampp\htdocs\pea_jk\framework\web\filters\CInlineFilter.php(58): ProjectController->filterAccessControl()
#8 C:\xampp\htdocs\pea_jk\framework\web\filters\CFilterChain.php(130): CInlineFilter->filter()
#9 C:\xampp\htdocs\pea_jk\framework\web\CController.php(291): CFilterChain->run()
#10 C:\xampp\htdocs\pea_jk\framework\web\CController.php(265): ProjectController->runActionWithFilters()
#11 C:\xampp\htdocs\pea_jk\framework\web\CWebApplication.php(282): ProjectController->run()
#12 C:\xampp\htdocs\pea_jk\framework\web\CWebApplication.php(141): CWebApplication->runController()
#13 C:\xampp\htdocs\pea_jk\framework\base\CApplication.php(180): CWebApplication->processRequest()
#14 C:\xampp\htdocs\pea_jk\index.php(13): CWebApplication->run()
REQUEST_URI=/pea_jk/project/importBOQ
in C:\xampp\htdocs\pea_jk\protected\views\project\_formValidate.php (99)
in C:\xampp\htdocs\pea_jk\protected\controllers\ProjectController.php (627)
in C:\xampp\htdocs\pea_jk\index.php (13)
